Сборка начата 04.10.2015 0:37:09.
     1>Проект "F:\BitFields_Set\mp2-lab1-set\sln\vc10\sample_prime_numbers\sample_prime_numbers.vcxproj" в узле 2 (целевые объекты Rebuild).
     1>_PrepareForClean:
         Файл "Debug\sample_p.5D0218F2.tlog\sample_prime_numbers.lastbuildstate" удаляется.
       InitializeBuildStatus:
         Создание "Debug\sample_p.5D0218F2.tlog\unsuccessfulbuild", так как было задано "AlwaysCreate".
       ClCompile:
         C:\Program Files (x86)\Microsoft Visual Studio 14.0\VC\bin\CL.exe /c /I../../../include /ZI /nologo /W3 /WX- /Od /Oy- /D WIN32 /D _DEBUG /D _CONSOLE /D _UNICODE /D UNICODE /Gm /EHsc /RTC1 /MDd /GS /fp:precise /Zc:wchar_t /Zc:forScope /Zc:inline /Fo"Debug\\" /Fd"Debug\vc140.pdb" /Gd /TP /analyze- /errorReport:prompt ..\..\..\samples\sample_prime_numbers.cpp
         sample_prime_numbers.cpp
       Link:
         C:\Program Files (x86)\Microsoft Visual Studio 14.0\VC\bin\link.exe /ERRORREPORT:PROMPT /OUT:"F:\BitFields_Set\mp2-lab1-set\sln\vc10\Debug\sample_prime_numbers.exe" /INCREMENTAL /NOLOGO /LIBPATH:../Debug bitfield.lib kernel32.lib user32.lib gdi32.lib winspool.lib comdlg32.lib advapi32.lib shell32.lib ole32.lib oleaut32.lib uuid.lib odbc32.lib odbccp32.lib /MANIFEST /MANIFESTUAC:"level='asInvoker' uiAccess='false'" /manifest:embed /Debug /PDB:"F:\BitFields_Set\mp2-lab1-set\sln\vc10\Debug\sample_prime_numbers.pdb" /SUBSYSTEM:CONSOLE /TLBID:1 /DYNAMICBASE /NXCOMPAT /IMPLIB:"F:\BitFields_Set\mp2-lab1-set\sln\vc10\Debug\sample_prime_numbers.lib" /MACHINE:X86 /SAFESEH Debug\sample_prime_numbers.obj
         "F:\BitFields_Set\mp2-lab1-set\sln\vc10\Debug\bitfield.lib"
     1>sample_prime_numbers.obj : warning LNK4075: не учитывается "/EDITANDCONTINUE" из-за спецификации "/SAFESEH"
         sample_prime_numbers.vcxproj -> F:\BitFields_Set\mp2-lab1-set\sln\vc10\Debug\sample_prime_numbers.exe
       FinalizeBuildStatus:
         Файл "Debug\sample_p.5D0218F2.tlog\unsuccessfulbuild" удаляется.
         Обращение к "Debug\sample_p.5D0218F2.tlog\sample_prime_numbers.lastbuildstate".
     1>Сборка проекта "F:\BitFields_Set\mp2-lab1-set\sln\vc10\sample_prime_numbers\sample_prime_numbers.vcxproj" завершена (целевые объекты Rebuild).

Сборка успешно завершена.

Затраченное время: 00:00:01.77
