Сборка начата 04.10.2015 1:55:40.
     1>Проект "F:\BitFields_Set\mp2-lab1-set\sln\vc10\bitfield\bitfield.vcxproj" в узле 3 (целевые объекты Rebuild).
     1>_PrepareForClean:
         Файл "Debug\bitfield.tlog\bitfield.lastbuildstate" удаляется.
       InitializeBuildStatus:
         Создание "Debug\bitfield.tlog\unsuccessfulbuild", так как было задано "AlwaysCreate".
       ClCompile:
         C:\Program Files (x86)\Microsoft Visual Studio 14.0\VC\bin\CL.exe /c /I../../../include /ZI /nologo /W3 /WX- /Od /Oy- /D WIN32 /D _DEBUG /D _LIB /D _UNICODE /D UNICODE /Gm /EHsc /RTC1 /MDd /GS /fp:precise /Zc:wchar_t /Zc:forScope /Zc:inline /Fo"Debug\\" /Fd"Debug\bitfield.pdb" /Gd /TP /analyze- /errorReport:prompt ..\..\..\src\tbitfield.cpp ..\..\..\src\tset.cpp
         tset.cpp
         tbitfield.cpp
         Создание кода...
       Lib:
         C:\Program Files (x86)\Microsoft Visual Studio 14.0\VC\bin\Lib.exe /OUT:"F:\BitFields_Set\mp2-lab1-set\sln\vc10\Debug\bitfield.lib" /NOLOGO Debug\tbitfield.obj
         Debug\tset.obj
         bitfield.vcxproj -> F:\BitFields_Set\mp2-lab1-set\sln\vc10\Debug\bitfield.lib
       CopyFilesToOutputDirectory:
         Копирование файла из "Debug\bitfield.pdb" в "F:\BitFields_Set\mp2-lab1-set\sln\vc10\Debug\bitfield.pdb".
       FinalizeBuildStatus:
         Файл "Debug\bitfield.tlog\unsuccessfulbuild" удаляется.
         Обращение к "Debug\bitfield.tlog\bitfield.lastbuildstate".
     1>Сборка проекта "F:\BitFields_Set\mp2-lab1-set\sln\vc10\bitfield\bitfield.vcxproj" завершена (целевые объекты Rebuild).

Сборка успешно завершена.

Затраченное время: 00:00:02.67
